A51 MACRO ASSEMBLER  KOPIOWANIE_WEW_ZEW                                                   04/10/2018 17:27:41 PAGE     1


MACRO ASSEMBLER A51 V8.2.7.0
OBJECT MODULE PLACED IN .\Objects\kopiowanie wew zew.obj
ASSEMBLER INVOKED BY: C:\Keil_v5\C51\BIN\A51.EXE kopiowanie wew zew.asm SET(SMALL) DEBUG PRINT(.\Listings\kopiowanie wew
                       zew.lst) OBJECT(.\Objects\kopiowanie wew zew.obj) EP

LOC  OBJ            LINE     SOURCE

0000                   1     ORG 0
                       2     
0000 7830              3             MOV R0, #30h
0002 900040            4             MOV DPTR, #40h
0005 7A08              5             MOV R2, #8
0007 12000C            6             LCALL COPY
000A 80FE              7             SJMP $
                       8                     
000C                   9                     COPY:
000C E6               10                     MOV A, @R0
000D F0               11                     MOVX @DPTR, A
000E 08               12                     INC R0
000F A3               13                     INC DPTR
0010 1A               14                     DEC R2
0011 EA               15                     MOV A, R2
                      16                     
0012 70F8             17                     JNZ COPY
                      18                     
0014 22               19                     RET
                      20                     
                      21     END
A51 MACRO ASSEMBLER  KOPIOWANIE_WEW_ZEW                                                   04/10/2018 17:27:41 PAGE     2

SYMBOL TABLE LISTING
------ ----- -------


N A M E             T Y P E  V A L U E   ATTRIBUTES

COPY . . . . . . .  C ADDR   000CH   A   


REGISTER BANK(S) USED: 0 


ASSEMBLY COMPLETE.  0 WARNING(S), 0 ERROR(S)
